1545329795653	geckodriver	INFO	geckodriver 0.21.0
1545329795661	geckodriver	INFO	Listening on 127.0.0.1:54408
1545329799043	mozrunner::runner	INFO	Running command: "C:\\Program Files\\Mozilla Firefox\\firefox.exe" "-marionette" "-foreground" "-no-remote" "-profile" "C:\\Users\\ABDELM~1\\AppData\\Local\\Temp\\rust_mozprofile.K1OLbnNKYpjs"
1545329802799	Marionette	DEBUG	Received observer notification profile-after-change
1545329803581	Marionette	DEBUG	Received observer notification toplevel-window-ready
1545329803711	Marionette	DEBUG	Received observer notification command-line-startup
1545329803711	Marionette	DEBUG	Received observer notification nsPref:changed
1545329803712	Marionette	DEBUG	Init aborted (running=false, enabled=true, finalUIStartup=false)
1545329804966	Marionette	DEBUG	Received observer notification toplevel-window-ready
1545329808059	Marionette	DEBUG	Received observer notification sessionstore-windows-restored
1545329808059	Marionette	DEBUG	Waiting for delayed startup...
1545329808396	Marionette	DEBUG	Setting recommended pref app.update.disabledForTesting to true
1545329808397	Marionette	DEBUG	Setting recommended pref security.turn_off_all_security_so_that_viruses_can_take_over_this_computer to true
1545329808398	Marionette	DEBUG	Setting recommended pref apz.content_response_timeout to 60000
1545329808399	Marionette	DEBUG	Setting recommended pref browser.download.panel.shown to true
1545329808400	Marionette	DEBUG	Setting recommended pref browser.pagethumbnails.capturing_disabled to true
1545329808401	Marionette	DEBUG	Setting recommended pref browser.search.update to false
1545329808402	Marionette	DEBUG	Setting recommended pref toolkit.cosmeticAnimations.enabled to false
1545329808402	Marionette	DEBUG	Setting recommended pref browser.tabs.disableBackgroundZombification to false
1545329808403	Marionette	DEBUG	Setting recommended pref browser.tabs.warnOnCloseOtherTabs to false
1545329808403	Marionette	DEBUG	Setting recommended pref browser.tabs.warnOnOpen to false
1545329808404	Marionette	DEBUG	Setting recommended pref browser.usedOnWindows10.introURL to 
1545329808404	Marionette	DEBUG	Setting recommended pref browser.urlbar.suggest.searches to false
1545329808405	Marionette	DEBUG	Setting recommended pref datareporting.policy.dataSubmissionPolicyAccepted to false
1545329808405	Marionette	DEBUG	Setting recommended pref dom.disable_beforeunload to true
1545329808406	Marionette	DEBUG	Setting recommended pref dom.disable_open_during_load to false
1545329808407	Marionette	DEBUG	Setting recommended pref dom.file.createInChild to true
1545329808407	Marionette	DEBUG	Setting recommended pref dom.max_chrome_script_run_time to 0
1545329808408	Marionette	DEBUG	Setting recommended pref dom.max_script_run_time to 0
1545329808408	Marionette	DEBUG	Setting recommended pref extensions.getAddons.cache.enabled to false
1545329808409	Marionette	DEBUG	Setting recommended pref extensions.webservice.discoverURL to http://%(server)s/dummy/discoveryURL
1545329808409	Marionette	DEBUG	Setting recommended pref network.http.prompt-temp-redirect to false
1545329808409	Marionette	DEBUG	Setting recommended pref network.http.speculative-parallel-limit to 0
1545329808410	Marionette	DEBUG	Setting recommended pref security.fileuri.strict_origin_policy to false
1545329808410	Marionette	DEBUG	Setting recommended pref security.notification_enable_delay to 0
1545329808411	Marionette	DEBUG	Setting recommended pref signon.autofillForms to false
1545329808411	Marionette	DEBUG	Setting recommended pref signon.rememberSignons to false
1545329808881	Marionette	INFO	Listening on port 54422
1545329808882	Marionette	DEBUG	Remote service is active
1545329809283	Marionette	DEBUG	Accepted connection 0 from 127.0.0.1:54453
1545329809342	Marionette	TRACE	0 -> [0,1,"WebDriver:NewSession",{"acceptInsecureCerts":true,"browserName":"firefox","capabilities":{"desiredCapabilities":{"acceptInsecureCerts":true,"browserName":"firefox"}}}]
1545329809343	Marionette	WARN	TLS certificate errors will be ignored for this session
1545329809456	Marionette	DEBUG	[6442450945] Frame script loaded
1545329809458	Marionette	DEBUG	[6442450945] Frame script registered
1545329809460	Marionette	TRACE	0 <- [1,1,null,{"sessionId":"50331fff-0680-45b9-870f-8d8546182498","capabilities":{"browserName":"firefox","browserVersion":"63.0. ... alse,"moz:webdriverClick":true,"capabilities":{"desiredCapabilities":{"acceptInsecureCerts":true,"browserName":"firefox"}}}}]
1545329840136	Marionette	TRACE	0 -> [0,2,"WebDriver:Navigate",{"url":"https:\\www.Facebook.com"}]
1545329840144	Marionette	DEBUG	[6442450945] Received DOM event beforeunload for about:blank
1545329841367	Marionette	DEBUG	[6442450945] Received DOM event pagehide for about:blank
1545329845297	Marionette	DEBUG	[6442450945] Received DOM event DOMContentLoaded for https://www.facebook.com/
1545329849323	Marionette	DEBUG	[6442450945] Received observer notification outer-window-destroyed
1545329850162	Marionette	DEBUG	[6442450945] Received observer notification outer-window-destroyed
1545329852489	Marionette	DEBUG	[6442450945] Received observer notification outer-window-destroyed
1545329852655	Marionette	DEBUG	[6442450945] Received observer notification outer-window-destroyed
1545329853749	Marionette	DEBUG	[6442450945] Received observer notification outer-window-destroyed
1545329853751	Marionette	DEBUG	[6442450945] Received observer notification outer-window-destroyed
1545329853970	Marionette	DEBUG	[6442450945] Received observer notification outer-window-destroyed
1545329853974	Marionette	DEBUG	[6442450945] Received observer notification outer-window-destroyed
1545329854083	Marionette	DEBUG	[6442450945] Received DOM event pageshow for https://www.facebook.com/
1545329854084	Marionette	TRACE	0 <- [1,2,null,{"value":null}]
console.error: BroadcastService: 
  receivedBroadcastMessage: handler for
  remote-settings/monitor_changes
  threw error:
  Message: Error: Polling for changes failed: NetworkError when attempting to fetch resource..
  Stack:
    remoteSettingsFunction/remoteSettings.pollChanges@resource://services-settings/remote-settings.js:721:13

1545331964898	Marionette	DEBUG	Closed connection 0
[Parent 4384, Gecko_IOThread] WARNING: pipe error: 109: file z:/build/build/src/ipc/chromium/src/chrome/common/ipc_channel_win.cc, line 346
[Parent 4384, Gecko_IOThread] WARNING: pipe error: 109: file z:/build/build/src/ipc/chromium/src/chrome/common/ipc_channel_win.cc, line 346
[Child 15508, Chrome_ChildThread] WARNING: pipe error: 109: file z:/build/build/src/ipc/chromium/src/chrome/common/ipc_channel_win.cc, line 346
[Child 15508,[Parent 4384, Gecko_IOThread] WARNING: file z:/build/build/src/ipc/chromium/src/base/process_util_win.cc, line 188
[Parent 4384, Gecko_IOThread] WARNING: file z:/build/build/src/ipc/chromium/src/base/process_util_win.cc, line 188
1545331966330	Marionette	DEBUG	Received observer notification xpcom-will-shutdown
1545331966331	Marionette	DEBUG	Resetting recommended pref app.update.disabledForTesting
1545331966331	Marionette	DEBUG	Resetting recommended pref security.turn_off_all_security_so_that_viruses_can_take_over_this_computer
1545331966331	Marionette	DEBUG	Resetting recommended pref apz.content_response_timeout
1545331966331	Marionette	DEBUG	Resetting recommended pref browser.download.panel.shown
1545331966331	Marionette	DEBUG	Resetting recommended pref browser.pagethumbnails.capturing_disabled
1545331966331	Marionette	DEBUG	Resetting recommended pref browser.search.update
1545331966331	Marionette	DEBUG	Resetting recommended pref toolkit.cosmeticAnimations.enabled
1545331966332	Marionette	DEBUG	Resetting recommended pref browser.tabs.disableBackgroundZombification
1545331966332	Marionette	DEBUG	Resetting recommended pref browser.tabs.warnOnCloseOtherTabs
1545331966332	Marionette	DEBUG	Resetting recommended pref browser.tabs.warnOnOpen
1545331966332	Marionette	DEBUG	Resetting recommended pref browser.usedOnWindows10.introURL
1545331966332	Marionette	DEBUG	Resetting recommended pref browser.urlbar.suggest.searches
1545331966333	Marionette	DEBUG	Resetting recommended pref datareporting.policy.dataSubmissionPolicyAccepted
1545331966360	Marionette	DEBUG	Resetting recommended pref dom.disable_beforeunload
1545331966360	Marionette	DEBUG	Resetting recommended pref dom.disable_open_during_load
1545331966360	Marionette	DEBUG	Resetting recommended pref dom.file.createInChild
1545331966360	Marionette	DEBUG	Resetting recommended pref dom.max_chrome_script_run_time
1545331966361	Marionette	DEBUG	Resetting recommended pref dom.max_script_run_time
1545331966361	Marionette	DEBUG	Resetting recommended pref extensions.getAddons.cache.enabled
1545331966361	Marionette	DEBUG	Resetting recommended pref extensions.webservice.discoverURL
1545331966361	Marionette	DEBUG	Resetting recommended pref network.http.prompt-temp-redirect
1545331966361	Marionette	DEBUG	Resetting recommended pref network.http.speculative-parallel-limit
1545331966361	Marionette	DEBUG	Resetting recommended pref security.fileuri.strict_origin_policy
1545331966361	Marionette	DEBUG	Resetting recommended pref security.notification_enable_delay
1545331966361	Marionette	DEBUG	Resetting recommended pref signon.autofillForms
1545331966361	Marionette	DEBUG	Resetting recommended pref signon.rememberSignons
1545331966361	Marionette	INFO	Stopped listening on port 54422
1545331966362	Marionette	DEBUG	Remote service is inactive

###!!! [Child][RunMessage] Error: Channel closing: too late to send/recv, messages will be lost

[GPU 7740, Ch
###!!! [Child][MessageChannel::SendAndWait] Error: Channel error: cannot send/recv

